22:47:55.250 [main] DEBUG org.apache.poi.ooxml.POIXMLFactory - using default POIXMLDocumentPart for http://schemas.openxmlformats.org/officeDocument/2006/relationships/printerSettings
22:47:55.293 [main] DEBUG org.apache.poi.openxml4j.opc.PackageRelationshipCollection - Parsing relationship: /xl/_rels/workbook.xml.rels
22:47:55.295 [main] DEBUG org.apache.poi.openxml4j.opc.PackageRelationshipCollection - Parsing relationship: /xl/worksheets/_rels/sheet1.xml.rels
22:47:55.298 [main] DEBUG org.apache.poi.openxml4j.opc.PackageRelationshipCollection - Parsing relationship: /_rels/.rels
22:47:55.325 [main] DEBUG org.apache.poi.ooxml.POIXMLFactory - using default POIXMLDocumentPart for http://schemas.openxmlformats.org/officeDocument/2006/relationships/printerSettings
22:47:55.346 [main] DEBUG org.apache.poi.openxml4j.opc.PackageRelationshipCollection - Parsing relationship: /xl/_rels/workbook.xml.rels
22:47:55.347 [main] DEBUG org.apache.poi.openxml4j.opc.PackageRelationshipCollection - Parsing relationship: /xl/worksheets/_rels/sheet1.xml.rels
22:47:55.348 [main] DEBUG org.apache.poi.openxml4j.opc.PackageRelationshipCollection - Parsing relationship: /_rels/.rels
22:47:55.367 [main] DEBUG org.apache.poi.ooxml.POIXMLFactory - using default POIXMLDocumentPart for http://schemas.openxmlformats.org/officeDocument/2006/relationships/printerSettings
22:47:55.406 [main] DEBUG org.apache.poi.openxml4j.opc.PackageRelationshipCollection - Parsing relationship: /xl/_rels/workbook.xml.rels
22:47:55.410 [main] DEBUG org.apache.poi.openxml4j.opc.PackageRelationshipCollection - Parsing relationship: /xl/worksheets/_rels/sheet1.xml.rels
22:47:55.413 [main] DEBUG org.apache.poi.openxml4j.opc.PackageRelationshipCollection - Parsing relationship: /_rels/.rels
22:47:55.428 [main] DEBUG org.apache.poi.ooxml.POIXMLFactory - using default POIXMLDocumentPart for http://schemas.openxmlformats.org/officeDocument/2006/relationships/printerSettings
22:47:55.462 [main] INFO  testCases.TC003_LoginDDT - ****starting TC003_LoginDDT ******
22:47:58.284 [main] INFO  testCases.TC003_LoginDDT - ***** Finished TC_003_LoginDDT ******
22:47:58.298 [main] INFO  testCases.TC003_LoginDDT - ****starting TC003_LoginDDT ******
22:48:01.185 [main] INFO  testCases.TC003_LoginDDT - ***** Finished TC_003_LoginDDT ******
22:48:01.205 [main] INFO  testCases.TC003_LoginDDT - ****starting TC003_LoginDDT ******
22:48:03.785 [main] INFO  testCases.TC003_LoginDDT - ***** Finished TC_003_LoginDDT ******
22:48:03.795 [main] INFO  testCases.TC003_LoginDDT - ****starting TC003_LoginDDT ******
22:48:15.008 [main] INFO  testCases.TC003_LoginDDT - ***** Finished TC_003_LoginDDT ******
22:48:15.048 [main] INFO  testCases.TC003_LoginDDT - ****starting TC003_LoginDDT ******
22:48:19.436 [main] INFO  testCases.TC003_LoginDDT - ***** Finished TC_003_LoginDDT ******
22:48:19.447 [main] INFO  testCases.TC003_LoginDDT - ****starting TC003_LoginDDT ******
22:48:32.425 [main] INFO  testCases.TC003_LoginDDT - ***** Finished TC_003_LoginDDT ******
14:08:59.589 [main] DEBUG org.testng.TestNG - suiteXmlPath: "C:\Users\HP\eclipse-workspace\OpenCartv121\grouping.xml"
14:08:59.946 [main] INFO  org.testng.internal.Utils - [TestNG] Running:
  C:\Users\HP\eclipse-workspace\OpenCartv121\grouping.xml

14:10:07.057 [main] DEBUG org.testng.TestNG - suiteXmlPath: "C:\Users\HP\eclipse-workspace\OpenCartv121\grouping.xml"
14:10:07.391 [main] INFO  org.testng.internal.Utils - [TestNG] Running:
  C:\Users\HP\eclipse-workspace\OpenCartv121\grouping.xml

14:13:27.972 [main] DEBUG org.testng.TestNG - suiteXmlPath: "C:\Users\HP\eclipse-workspace\OpenCartv121\grouping.xml"
14:13:28.326 [main] INFO  org.testng.internal.Utils - [TestNG] Running:
  C:\Users\HP\eclipse-workspace\OpenCartv121\grouping.xml

14:13:31.561 [main] INFO  testCases.TC001_AccountRegistrationTest - ****** Starting TC001_AccountRegistrationTest**** 
14:13:31.987 [main] INFO  testCases.TC001_AccountRegistrationTest - Clicked on my Account link
14:13:32.440 [main] INFO  testCases.TC001_AccountRegistrationTest - Clicked on Register link
14:13:33.611 [main] INFO  testCases.TC001_AccountRegistrationTest - clicked on Continue
14:13:33.650 [main] INFO  testCases.TC001_AccountRegistrationTest - ***** finished TC001_AccountRegistrationTest ******
14:13:35.980 [main] INFO  testCases.TC002_LoginTest - ******Starting TC002_loginTest ******
14:14:21.774 [main] DEBUG org.testng.TestNG - suiteXmlPath: "C:\Users\HP\AppData\Local\Temp\testng-eclipse--1844585563\testng-customsuite.xml"
14:14:22.054 [main] INFO  org.testng.internal.Utils - [Utils] MethodGroupsHelper.collectMethodsByGroup() took 0 ms.
14:14:22.057 [main] INFO  org.testng.internal.Utils - [Utils] MethodGroupsHelper.sortMethods() took 2 ms.
14:14:22.059 [main] INFO  org.testng.internal.Utils - [Utils] MethodGroupsHelper.collectMethodsByGroup() took 0 ms.
14:14:22.059 [main] INFO  org.testng.internal.Utils - [Utils] MethodGroupsHelper.sortMethods() took 0 ms.
