15:20:45.436 [main] INFO  testCases.TC001_AccountRegistrationTest - clicked on Continue
15:21:19.940 [main] DEBUG org.testng.TestNG - suiteXmlPath: "C:\Users\HP\eclipse-workspace\OpenCartv121\docker.xml"
15:21:20.366 [main] INFO  org.testng.internal.Utils - [TestNG] Running:
  C:\Users\HP\eclipse-workspace\OpenCartv121\docker.xml

15:21:23.005 [main] INFO  testCases.TC002_LoginTest - ******Starting TC002_loginTest ******
15:21:27.259 [main] INFO  testCases.TC001_AccountRegistrationTest - ****** Starting TC001_AccountRegistrationTest**** 
15:21:27.411 [main] INFO  testCases.TC001_AccountRegistrationTest - Clicked on my Account link
15:21:27.946 [main] INFO  testCases.TC001_AccountRegistrationTest - Clicked on Register link
15:21:29.605 [main] INFO  testCases.TC001_AccountRegistrationTest - clicked on Continue
15:22:01.023 [main] DEBUG org.testng.TestNG - suiteXmlPath: "C:\Users\HP\eclipse-workspace\OpenCartv121\docker.xml"
15:22:01.512 [main] INFO  org.testng.internal.Utils - [TestNG] Running:
  C:\Users\HP\eclipse-workspace\OpenCartv121\docker.xml

15:22:02.100 [main] INFO  testCases.TC002_LoginTest - ******Starting TC002_loginTest ******
15:24:01.248 [main] DEBUG org.testng.TestNG - suiteXmlPath: "C:\Users\HP\eclipse-workspace\OpenCartv121\docker.xml"
15:24:01.769 [main] INFO  org.testng.internal.Utils - [TestNG] Running:
  C:\Users\HP\eclipse-workspace\OpenCartv121\docker.xml

15:24:27.454 [main] DEBUG org.testng.TestNG - suiteXmlPath: "C:\Users\HP\eclipse-workspace\OpenCartv121\docker.xml"
15:24:28.164 [main] INFO  org.testng.internal.Utils - [TestNG] Running:
  C:\Users\HP\eclipse-workspace\OpenCartv121\docker.xml

15:25:12.451 [main] INFO  testCases.TC002_LoginTest - ******Starting TC002_loginTest ******
15:25:21.322 [main] INFO  testCases.TC002_LoginTest - ******Starting TC002_loginTest ******
15:26:11.499 [main] INFO  testCases.TC001_AccountRegistrationTest - ****** Starting TC001_AccountRegistrationTest**** 
15:26:12.600 [main] INFO  testCases.TC001_AccountRegistrationTest - Clicked on my Account link
15:26:14.952 [main] INFO  testCases.TC001_AccountRegistrationTest - Clicked on Register link
15:26:18.351 [main] INFO  testCases.TC001_AccountRegistrationTest - clicked on Continue
15:26:24.798 [main] INFO  testCases.TC001_AccountRegistrationTest - ****** Starting TC001_AccountRegistrationTest**** 
15:26:25.506 [main] INFO  testCases.TC001_AccountRegistrationTest - Clicked on my Account link
15:26:26.964 [main] INFO  testCases.TC001_AccountRegistrationTest - Clicked on Register link
15:26:30.204 [main] INFO  testCases.TC001_AccountRegistrationTest - clicked on Continue
15:29:11.005 [main] DEBUG org.testng.TestNG - suiteXmlPath: "C:\Users\HP\eclipse-workspace\OpenCartv121\docker.xml"
15:29:11.847 [main] INFO  org.testng.internal.Utils - [TestNG] Running:
  C:\Users\HP\eclipse-workspace\OpenCartv121\docker.xml

15:29:16.731 [main] INFO  testCases.TC002_LoginTest - ******Starting TC002_loginTest ******
15:29:21.188 [main] INFO  testCases.TC001_AccountRegistrationTest - ****** Starting TC001_AccountRegistrationTest**** 
15:29:21.341 [main] INFO  testCases.TC001_AccountRegistrationTest - Clicked on my Account link
15:29:21.853 [main] INFO  testCases.TC001_AccountRegistrationTest - Clicked on Register link
15:29:23.720 [main] INFO  testCases.TC001_AccountRegistrationTest - clicked on Continue
14:43:38.314 [main] DEBUG org.testng.TestNG - suiteXmlPath: "C:\Users\HP\eclipse-workspace\OpenCartv121\master.xml"
14:43:38.875 [main] INFO  org.testng.internal.Utils - [TestNG] Running:
  C:\Users\HP\eclipse-workspace\OpenCartv121\master.xml

14:45:27.114 [main] DEBUG org.testng.TestNG - suiteXmlPath: "C:\Users\HP\eclipse-workspace\OpenCartv121\master.xml"
14:45:27.469 [main] INFO  org.testng.internal.Utils - [TestNG] Running:
  C:\Users\HP\eclipse-workspace\OpenCartv121\master.xml

14:45:33.739 [main] INFO  testCases.TC002_LoginTest - ******Starting TC002_loginTest ******
14:47:11.541 [main] DEBUG org.testng.TestNG - suiteXmlPath: "C:\Users\HP\eclipse-workspace\OpenCartv121\docker.xml"
14:47:12.010 [main] INFO  org.testng.internal.Utils - [TestNG] Running:
  C:\Users\HP\eclipse-workspace\OpenCartv121\docker.xml

14:47:18.090 [main] INFO  testCases.TC002_LoginTest - ******Starting TC002_loginTest ******
14:47:54.334 [main] DEBUG org.testng.TestNG - suiteXmlPath: "C:\Users\HP\eclipse-workspace\OpenCartv121\docker.xml"
14:47:54.788 [main] INFO  org.testng.internal.Utils - [TestNG] Running:
  C:\Users\HP\eclipse-workspace\OpenCartv121\docker.xml

14:57:59.728 [main] DEBUG org.testng.TestNG - suiteXmlPath: "C:\Users\HP\eclipse-workspace\OpenCartv121\docker.xml"
14:58:00.489 [main] INFO  org.testng.internal.Utils - [TestNG] Running:
  C:\Users\HP\eclipse-workspace\OpenCartv121\docker.xml

14:58:39.221 [main] DEBUG org.testng.TestNG - suiteXmlPath: "C:\Users\HP\eclipse-workspace\OpenCartv121\docker.xml"
14:58:39.772 [main] INFO  org.testng.internal.Utils - [TestNG] Running:
  C:\Users\HP\eclipse-workspace\OpenCartv121\docker.xml

