14:58:55.242 [main] INFO  testCases.TC002_LoginTest - ******Starting TC002_loginTest ******
14:59:02.195 [main] INFO  testCases.TC001_AccountRegistrationTest - ****** Starting TC001_AccountRegistrationTest**** 
14:59:02.577 [main] INFO  testCases.TC001_AccountRegistrationTest - Clicked on my Account link
14:59:03.095 [main] INFO  testCases.TC001_AccountRegistrationTest - Clicked on Register link
14:59:05.568 [main] INFO  testCases.TC001_AccountRegistrationTest - clicked on Continue
10:58:48.256 [main] DEBUG org.testng.TestNG - suiteXmlPath: "C:\Users\HP\eclipse-workspace\OpenCartv121\master.xml"
11:00:51.008 [main] DEBUG org.testng.TestNG - suiteXmlPath: "C:\Users\HP\eclipse-workspace\OpenCartv121\master.xml"
11:00:51.357 [main] INFO  org.testng.internal.Utils - [TestNG] Running:
  C:\Users\HP\eclipse-workspace\OpenCartv121\master.xml

11:00:58.060 [main] INFO  testCases.TC002_LoginTest - ******Starting TC002_loginTest ******
11:01:20.963 [main] DEBUG org.testng.TestNG - suiteXmlPath: "C:\Users\HP\eclipse-workspace\OpenCartv121\master.xml"
11:01:28.574 [main] INFO  testCases.TC002_LoginTest - ******Starting TC002_loginTest ******
11:34:11.200 [main] DEBUG org.testng.TestNG - suiteXmlPath: "C:\Users\HP\eclipse-workspace\OpenCartv121\master.xml"
11:34:19.249 [main] INFO  testCases.TC002_LoginTest - ******Starting TC002_loginTest ******
12:58:35.675 [main] DEBUG org.testng.TestNG - suiteXmlPath: "C:\Users\HP\eclipse-workspace\OpenCartv121\master.xml"
12:58:41.334 [main] INFO  testCases.TC002_LoginTest - ******Starting TC002_loginTest ******
13:00:15.529 [main] DEBUG org.testng.TestNG - suiteXmlPath: "C:\Users\HP\eclipse-workspace\OpenCartv121\master.xml"
13:00:20.658 [main] INFO  testCases.TC002_LoginTest - ******Starting TC002_loginTest ******
13:57:04.960 [main] DEBUG org.testng.TestNG - suiteXmlPath: "C:\Users\HP\eclipse-workspace\OpenCartv121\master.xml"
13:57:10.344 [main] INFO  testCases.TC002_LoginTest - ******Starting TC002_loginTest ******
14:36:52.008 [main] DEBUG org.testng.TestNG - suiteXmlPath: "C:\Users\HP\eclipse-workspace\OpenCartv121\master.xml"
14:36:52.343 [main] INFO  org.testng.internal.Utils - [TestNG] Running:
  C:\Users\HP\eclipse-workspace\OpenCartv121\master.xml

14:37:01.687 [main] INFO  testCases.TC002_LoginTest - ******Starting TC002_loginTest ******
15:44:13.382 [main] DEBUG org.testng.TestNG - suiteXmlPath: "C:\Users\HP\eclipse-workspace\OpenCartv121\docker.xml"
15:44:13.760 [main] INFO  org.testng.internal.Utils - [TestNG] Running:
  C:\Users\HP\eclipse-workspace\OpenCartv121\docker.xml

15:54:32.878 [main] DEBUG org.testng.TestNG - suiteXmlPath: "C:\Users\HP\eclipse-workspace\OpenCartv121\master.xml"
15:54:33.265 [main] INFO  org.testng.internal.Utils - [TestNG] Running:
  C:\Users\HP\eclipse-workspace\OpenCartv121\master.xml

15:56:19.565 [main] DEBUG org.testng.TestNG - suiteXmlPath: "C:\Users\HP\eclipse-workspace\OpenCartv121\master.xml"
15:56:19.922 [main] INFO  org.testng.internal.Utils - [TestNG] Running:
  C:\Users\HP\eclipse-workspace\OpenCartv121\master.xml

15:56:27.640 [main] INFO  testCases.TC001_AccountRegistrationTest - ****** Starting TC001_AccountRegistrationTest**** 
15:56:27.919 [main] INFO  testCases.TC001_AccountRegistrationTest - Clicked on my Account link
15:56:28.419 [main] INFO  testCases.TC001_AccountRegistrationTest - Clicked on Register link
15:56:29.870 [main] INFO  testCases.TC001_AccountRegistrationTest - clicked on Continue
15:56:32.265 [main] INFO  testCases.TC002_LoginTest - ******Starting TC002_loginTest ******
17:56:32.355 [main] DEBUG org.testng.TestNG - suiteXmlPath: "C:\Users\HP\eclipse-workspace\OpenCartv121\docker.xml"
17:56:33.085 [main] INFO  org.testng.internal.Utils - [TestNG] Running:
  C:\Users\HP\eclipse-workspace\OpenCartv121\docker.xml

17:56:39.770 [main] INFO  testCases.TC002_LoginTest - ******Starting TC002_loginTest ******
17:56:45.822 [main] INFO  testCases.TC001_AccountRegistrationTest - ****** Starting TC001_AccountRegistrationTest**** 
17:56:46.071 [main] INFO  testCases.TC001_AccountRegistrationTest - Clicked on my Account link
17:56:46.899 [main] INFO  testCases.TC001_AccountRegistrationTest - Clicked on Register link
17:56:48.509 [main] INFO  testCases.TC001_AccountRegistrationTest - clicked on Continue
